2022-02-17 11:37:30.678 INFO  com.example.endowment.EndowmentApplication        :55   [32m                  [0;39m Starting EndowmentApplication using Java 11.0.1 on A026447-NC with PID 1640 (D:\endowment\target\classes started by tanrui in D:\endowment)
2022-02-17 11:37:30.683 INFO  com.example.endowment.EndowmentApplication        :659  [32m                  [0;39m No active profile set, falling back to default profiles: default
2022-02-17 11:37:30.801 INFO  o.s.b.d.env.DevToolsPropertyDefaultsPostProcessor :255  [32m                  [0;39m Devtools property defaults active! Set 'spring.devtools.add-properties' to 'false' to disable
2022-02-17 11:37:30.802 INFO  o.s.b.d.env.DevToolsPropertyDefaultsPostProcessor :255  [32m                  [0;39m For additional web related logging consider setting the 'logging.level.web' property to 'DEBUG'
2022-02-17 11:37:32.980 INFO  o.s.boot.web.embedded.tomcat.TomcatWebServer      :108  [32m                  [0;39m Tomcat initialized with port(s): 8880 (http)
2022-02-17 11:37:33.027 INFO  org.apache.coyote.http11.Http11NioProtocol        :173  [32m                  [0;39m Initializing ProtocolHandler ["http-nio-8880"]
2022-02-17 11:37:33.028 INFO  org.apache.catalina.core.StandardService          :173  [32m                  [0;39m Starting service [Tomcat]
2022-02-17 11:37:33.029 INFO  org.apache.catalina.core.StandardEngine           :173  [32m                  [0;39m Starting Servlet engine: [Apache Tomcat/9.0.53]
2022-02-17 11:37:33.146 INFO  o.a.c.core.ContainerBase.[Tomcat].[localhost].[/] :173  [32m                  [0;39m Initializing Spring embedded WebApplicationContext
2022-02-17 11:37:33.147 INFO  o.s.b.w.s.c.ServletWebServerApplicationContext    :290  [32m                  [0;39m Root WebApplicationContext: initialization completed in 2344 ms
2022-02-17 11:37:34.279 INFO  o.s.b.d.autoconfigure.OptionalLiveReloadServer    :58   [32m                  [0;39m LiveReload server is running on port 35729
2022-02-17 11:37:34.296 INFO  org.apache.coyote.http11.Http11NioProtocol        :173  [32m                  [0;39m Starting ProtocolHandler ["http-nio-8880"]
2022-02-17 11:37:34.326 INFO  o.s.boot.web.embedded.tomcat.TomcatWebServer      :220  [32m                  [0;39m Tomcat started on port(s): 8880 (http) with context path ''
2022-02-17 11:37:34.339 INFO  com.example.endowment.EndowmentApplication        :61   [32m                  [0;39m Started EndowmentApplication in 4.682 seconds (JVM running for 6.896)
2022-02-17 11:37:34.343 INFO  com.example.endowment.EndowmentApplication        :17   [32m                  [0;39m 启动成功！！
2022-02-17 11:37:34.344 INFO  com.example.endowment.EndowmentApplication        :18   [32m                  [0;39m 地址:	http://127.0.0.1:8880
2022-02-17 11:43:47.722 INFO  o.a.c.core.ContainerBase.[Tomcat].[localhost].[/] :173  [32m                  [0;39m Initializing Spring DispatcherServlet 'dispatcherServlet'
2022-02-17 11:43:47.723 INFO  org.springframework.web.servlet.DispatcherServlet :525  [32m                  [0;39m Initializing Servlet 'dispatcherServlet'
2022-02-17 11:43:47.725 INFO  org.springframework.web.servlet.DispatcherServlet :547  [32m                  [0;39m Completed initialization in 1 ms
2022-02-17 11:43:47.919 INFO  com.zaxxer.hikari.HikariDataSource                :110  [32m                  [0;39m HikariPool-1 - Starting...
2022-02-17 11:43:48.612 INFO  com.zaxxer.hikari.HikariDataSource                :123  [32m                  [0;39m HikariPool-1 - Start completed.
2022-02-17 11:43:48.834 INFO  com.example.endowment.service.EuserService        :51   [32m                  [0;39m 总行数:4
2022-02-17 11:43:48.835 INFO  com.example.endowment.service.EuserService        :52   [32m                  [0;39m 总页数:1
2022-02-17 11:44:31.576 ERROR o.a.c.c.C.[.[localhost].[/].[dispatcherServlet]   :175  [32m                  [0;39m Servlet.service() for servlet [dispatcherServlet] in context with path [] threw exception [Request processing failed; nested exception is java.lang.NullPointerException] with root cause
java.lang.NullPointerException: null
	at com.example.endowment.controller.EuserController.delete(EuserController.java:52)
	at java.base/jdk.internal.reflect.NativeMethodAccessorImpl.invoke0(Native Method)
	at java.base/jdk.internal.reflect.NativeMethodAccessorImpl.invoke(NativeMethodAccessorImpl.java:62)
	at java.base/jdk.internal.reflect.DelegatingMethodAccessorImpl.invoke(DelegatingMethodAccessorImpl.java:43)
	at java.base/java.lang.reflect.Method.invoke(Method.java:566)
	at org.springframework.web.method.support.InvocableHandlerMethod.doInvoke(InvocableHandlerMethod.java:205)
	at org.springframework.web.method.support.InvocableHandlerMethod.invokeForRequest(InvocableHandlerMethod.java:150)
	at org.springframework.web.servlet.mvc.method.annotation.ServletInvocableHandlerMethod.invokeAndHandle(ServletInvocableHandlerMethod.java:117)
	at org.springframework.web.servlet.mvc.method.annotation.RequestMappingHandlerAdapter.invokeHandlerMethod(RequestMappingHandlerAdapter.java:895)
	at org.springframework.web.servlet.mvc.method.annotation.RequestMappingHandlerAdapter.handleInternal(RequestMappingHandlerAdapter.java:808)
	at org.springframework.web.servlet.mvc.method.AbstractHandlerMethodAdapter.handle(AbstractHandlerMethodAdapter.java:87)
	at org.springframework.web.servlet.DispatcherServlet.doDispatch(DispatcherServlet.java:1067)
	at org.springframework.web.servlet.DispatcherServlet.doService(DispatcherServlet.java:963)
	at org.springframework.web.servlet.FrameworkServlet.processRequest(FrameworkServlet.java:1006)
	at org.springframework.web.servlet.FrameworkServlet.doPost(FrameworkServlet.java:909)
	at javax.servlet.http.HttpServlet.service(HttpServlet.java:681)
	at org.springframework.web.servlet.FrameworkServlet.service(FrameworkServlet.java:883)
	at javax.servlet.http.HttpServlet.service(HttpServlet.java:764)
	at org.apache.catalina.core.ApplicationFilterChain.internalDoFilter(ApplicationFilterChain.java:227)
	at org.apache.catalina.core.ApplicationFilterChain.doFilter(ApplicationFilterChain.java:162)
	at org.apache.tomcat.websocket.server.WsFilter.doFilter(WsFilter.java:53)
	at org.apache.catalina.core.ApplicationFilterChain.internalDoFilter(ApplicationFilterChain.java:189)
	at org.apache.catalina.core.ApplicationFilterChain.doFilter(ApplicationFilterChain.java:162)
	at org.springframework.web.filter.RequestContextFilter.doFilterInternal(RequestContextFilter.java:100)
	at org.springframework.web.filter.OncePerRequestFilter.doFilter(OncePerRequestFilter.java:119)
	at org.apache.catalina.core.ApplicationFilterChain.internalDoFilter(ApplicationFilterChain.java:189)
	at org.apache.catalina.core.ApplicationFilterChain.doFilter(ApplicationFilterChain.java:162)
	at org.springframework.web.filter.FormContentFilter.doFilterInternal(FormContentFilter.java:93)
	at org.springframework.web.filter.OncePerRequestFilter.doFilter(OncePerRequestFilter.java:119)
	at org.apache.catalina.core.ApplicationFilterChain.internalDoFilter(ApplicationFilterChain.java:189)
	at org.apache.catalina.core.ApplicationFilterChain.doFilter(ApplicationFilterChain.java:162)
	at org.springframework.web.filter.CharacterEncodingFilter.doFilterInternal(CharacterEncodingFilter.java:201)
	at org.springframework.web.filter.OncePerRequestFilter.doFilter(OncePerRequestFilter.java:119)
	at org.apache.catalina.core.ApplicationFilterChain.internalDoFilter(ApplicationFilterChain.java:189)
	at org.apache.catalina.core.ApplicationFilterChain.doFilter(ApplicationFilterChain.java:162)
	at org.apache.catalina.core.StandardWrapperValve.invoke(StandardWrapperValve.java:197)
	at org.apache.catalina.core.StandardContextValve.invoke(StandardContextValve.java:97)
	at org.apache.catalina.authenticator.AuthenticatorBase.invoke(AuthenticatorBase.java:540)
	at org.apache.catalina.core.StandardHostValve.invoke(StandardHostValve.java:135)
	at org.apache.catalina.valves.ErrorReportValve.invoke(ErrorReportValve.java:92)
	at org.apache.catalina.core.StandardEngineValve.invoke(StandardEngineValve.java:78)
	at org.apache.catalina.connector.CoyoteAdapter.service(CoyoteAdapter.java:357)
	at org.apache.coyote.http11.Http11Processor.service(Http11Processor.java:382)
	at org.apache.coyote.AbstractProcessorLight.process(AbstractProcessorLight.java:65)
	at org.apache.coyote.AbstractProtocol$ConnectionHandler.process(AbstractProtocol.java:893)
	at org.apache.tomcat.util.net.NioEndpoint$SocketProcessor.doRun(NioEndpoint.java:1726)
	at org.apache.tomcat.util.net.SocketProcessorBase.run(SocketProcessorBase.java:49)
	at org.apache.tomcat.util.threads.ThreadPoolExecutor.runWorker(ThreadPoolExecutor.java:1191)
	at org.apache.tomcat.util.threads.ThreadPoolExecutor$Worker.run(ThreadPoolExecutor.java:659)
	at org.apache.tomcat.util.threads.TaskThread$WrappingRunnable.run(TaskThread.java:61)
	at java.base/java.lang.Thread.run(Thread.java:834)
2022-02-17 11:44:58.203 INFO  com.example.endowment.service.EuserService        :51   [32m                  [0;39m 总行数:4
2022-02-17 11:44:58.204 INFO  com.example.endowment.service.EuserService        :52   [32m                  [0;39m 总页数:1
2022-02-17 11:45:25.646 INFO  com.zaxxer.hikari.HikariDataSource                :350  [32m                  [0;39m HikariPool-1 - Shutdown initiated...
2022-02-17 11:45:25.661 INFO  com.zaxxer.hikari.HikariDataSource                :352  [32m                  [0;39m HikariPool-1 - Shutdown completed.
2022-02-17 11:48:24.996 INFO  com.example.endowment.EndowmentApplication        :55   [32m                  [0;39m Starting EndowmentApplication using Java 11.0.1 on A026447-NC with PID 12892 (D:\endowment\target\classes started by tanrui in D:\endowment)
2022-02-17 11:48:25.000 INFO  com.example.endowment.EndowmentApplication        :659  [32m                  [0;39m No active profile set, falling back to default profiles: default
2022-02-17 11:48:25.075 INFO  o.s.b.d.env.DevToolsPropertyDefaultsPostProcessor :255  [32m                  [0;39m Devtools property defaults active! Set 'spring.devtools.add-properties' to 'false' to disable
2022-02-17 11:48:25.076 INFO  o.s.b.d.env.DevToolsPropertyDefaultsPostProcessor :255  [32m                  [0;39m For additional web related logging consider setting the 'logging.level.web' property to 'DEBUG'
2022-02-17 11:48:26.553 INFO  o.s.boot.web.embedded.tomcat.TomcatWebServer      :108  [32m                  [0;39m Tomcat initialized with port(s): 8880 (http)
2022-02-17 11:48:26.566 INFO  org.apache.coyote.http11.Http11NioProtocol        :173  [32m                  [0;39m Initializing ProtocolHandler ["http-nio-8880"]
2022-02-17 11:48:26.567 INFO  org.apache.catalina.core.StandardService          :173  [32m                  [0;39m Starting service [Tomcat]
2022-02-17 11:48:26.568 INFO  org.apache.catalina.core.StandardEngine           :173  [32m                  [0;39m Starting Servlet engine: [Apache Tomcat/9.0.53]
2022-02-17 11:48:26.653 INFO  o.a.c.core.ContainerBase.[Tomcat].[localhost].[/] :173  [32m                  [0;39m Initializing Spring embedded WebApplicationContext
2022-02-17 11:48:26.654 INFO  o.s.b.w.s.c.ServletWebServerApplicationContext    :290  [32m                  [0;39m Root WebApplicationContext: initialization completed in 1577 ms
2022-02-17 11:48:27.437 INFO  o.s.b.d.autoconfigure.OptionalLiveReloadServer    :58   [32m                  [0;39m LiveReload server is running on port 35729
2022-02-17 11:48:27.457 INFO  org.apache.coyote.http11.Http11NioProtocol        :173  [32m                  [0;39m Starting ProtocolHandler ["http-nio-8880"]
2022-02-17 11:48:27.483 INFO  o.s.boot.web.embedded.tomcat.TomcatWebServer      :220  [32m                  [0;39m Tomcat started on port(s): 8880 (http) with context path ''
2022-02-17 11:48:27.497 INFO  com.example.endowment.EndowmentApplication        :61   [32m                  [0;39m Started EndowmentApplication in 3.234 seconds (JVM running for 5.189)
2022-02-17 11:48:27.502 INFO  com.example.endowment.EndowmentApplication        :17   [32m                  [0;39m 启动成功！！
2022-02-17 11:48:27.503 INFO  com.example.endowment.EndowmentApplication        :18   [32m                  [0;39m 地址:	http://127.0.0.1:8880
2022-02-17 11:48:59.633 INFO  o.a.c.core.ContainerBase.[Tomcat].[localhost].[/] :173  [32m                  [0;39m Initializing Spring DispatcherServlet 'dispatcherServlet'
2022-02-17 11:48:59.633 INFO  org.springframework.web.servlet.DispatcherServlet :525  [32m                  [0;39m Initializing Servlet 'dispatcherServlet'
2022-02-17 11:48:59.635 INFO  org.springframework.web.servlet.DispatcherServlet :547  [32m                  [0;39m Completed initialization in 1 ms
2022-02-17 11:48:59.720 INFO  com.zaxxer.hikari.HikariDataSource                :110  [32m                  [0;39m HikariPool-1 - Starting...
2022-02-17 11:49:00.052 INFO  com.zaxxer.hikari.HikariDataSource                :123  [32m                  [0;39m HikariPool-1 - Start completed.
2022-02-17 11:49:00.120 INFO  com.example.endowment.service.EuserService        :51   [32m                  [0;39m 总行数:4
2022-02-17 11:49:00.121 INFO  com.example.endowment.service.EuserService        :52   [32m                  [0;39m 总页数:1
2022-02-17 11:49:06.290 ERROR o.a.c.c.C.[.[localhost].[/].[dispatcherServlet]   :175  [32m                  [0;39m Servlet.service() for servlet [dispatcherServlet] in context with path [] threw exception [Request processing failed; nested exception is java.lang.NullPointerException] with root cause
java.lang.NullPointerException: null
	at com.example.endowment.controller.EuserController.delete(EuserController.java:52)
	at java.base/jdk.internal.reflect.NativeMethodAccessorImpl.invoke0(Native Method)
	at java.base/jdk.internal.reflect.NativeMethodAccessorImpl.invoke(NativeMethodAccessorImpl.java:62)
	at java.base/jdk.internal.reflect.DelegatingMethodAccessorImpl.invoke(DelegatingMethodAccessorImpl.java:43)
	at java.base/java.lang.reflect.Method.invoke(Method.java:566)
	at org.springframework.web.method.support.InvocableHandlerMethod.doInvoke(InvocableHandlerMethod.java:205)
	at org.springframework.web.method.support.InvocableHandlerMethod.invokeForRequest(InvocableHandlerMethod.java:150)
	at org.springframework.web.servlet.mvc.method.annotation.ServletInvocableHandlerMethod.invokeAndHandle(ServletInvocableHandlerMethod.java:117)
	at org.springframework.web.servlet.mvc.method.annotation.RequestMappingHandlerAdapter.invokeHandlerMethod(RequestMappingHandlerAdapter.java:895)
	at org.springframework.web.servlet.mvc.method.annotation.RequestMappingHandlerAdapter.handleInternal(RequestMappingHandlerAdapter.java:808)
	at org.springframework.web.servlet.mvc.method.AbstractHandlerMethodAdapter.handle(AbstractHandlerMethodAdapter.java:87)
	at org.springframework.web.servlet.DispatcherServlet.doDispatch(DispatcherServlet.java:1067)
	at org.springframework.web.servlet.DispatcherServlet.doService(DispatcherServlet.java:963)
	at org.springframework.web.servlet.FrameworkServlet.processRequest(FrameworkServlet.java:1006)
	at org.springframework.web.servlet.FrameworkServlet.doPost(FrameworkServlet.java:909)
	at javax.servlet.http.HttpServlet.service(HttpServlet.java:681)
	at org.springframework.web.servlet.FrameworkServlet.service(FrameworkServlet.java:883)
	at javax.servlet.http.HttpServlet.service(HttpServlet.java:764)
	at org.apache.catalina.core.ApplicationFilterChain.internalDoFilter(ApplicationFilterChain.java:227)
	at org.apache.catalina.core.ApplicationFilterChain.doFilter(ApplicationFilterChain.java:162)
	at org.apache.tomcat.websocket.server.WsFilter.doFilter(WsFilter.java:53)
	at org.apache.catalina.core.ApplicationFilterChain.internalDoFilter(ApplicationFilterChain.java:189)
	at org.apache.catalina.core.ApplicationFilterChain.doFilter(ApplicationFilterChain.java:162)
	at org.springframework.web.filter.RequestContextFilter.doFilterInternal(RequestContextFilter.java:100)
	at org.springframework.web.filter.OncePerRequestFilter.doFilter(OncePerRequestFilter.java:119)
	at org.apache.catalina.core.ApplicationFilterChain.internalDoFilter(ApplicationFilterChain.java:189)
	at org.apache.catalina.core.ApplicationFilterChain.doFilter(ApplicationFilterChain.java:162)
	at org.springframework.web.filter.FormContentFilter.doFilterInternal(FormContentFilter.java:93)
	at org.springframework.web.filter.OncePerRequestFilter.doFilter(OncePerRequestFilter.java:119)
	at org.apache.catalina.core.ApplicationFilterChain.internalDoFilter(ApplicationFilterChain.java:189)
	at org.apache.catalina.core.ApplicationFilterChain.doFilter(ApplicationFilterChain.java:162)
	at org.springframework.web.filter.CharacterEncodingFilter.doFilterInternal(CharacterEncodingFilter.java:201)
	at org.springframework.web.filter.OncePerRequestFilter.doFilter(OncePerRequestFilter.java:119)
	at org.apache.catalina.core.ApplicationFilterChain.internalDoFilter(ApplicationFilterChain.java:189)
	at org.apache.catalina.core.ApplicationFilterChain.doFilter(ApplicationFilterChain.java:162)
	at org.apache.catalina.core.StandardWrapperValve.invoke(StandardWrapperValve.java:197)
	at org.apache.catalina.core.StandardContextValve.invoke(StandardContextValve.java:97)
	at org.apache.catalina.authenticator.AuthenticatorBase.invoke(AuthenticatorBase.java:540)
	at org.apache.catalina.core.StandardHostValve.invoke(StandardHostValve.java:135)
	at org.apache.catalina.valves.ErrorReportValve.invoke(ErrorReportValve.java:92)
	at org.apache.catalina.core.StandardEngineValve.invoke(StandardEngineValve.java:78)
	at org.apache.catalina.connector.CoyoteAdapter.service(CoyoteAdapter.java:357)
	at org.apache.coyote.http11.Http11Processor.service(Http11Processor.java:382)
	at org.apache.coyote.AbstractProcessorLight.process(AbstractProcessorLight.java:65)
	at org.apache.coyote.AbstractProtocol$ConnectionHandler.process(AbstractProtocol.java:893)
	at org.apache.tomcat.util.net.NioEndpoint$SocketProcessor.doRun(NioEndpoint.java:1726)
	at org.apache.tomcat.util.net.SocketProcessorBase.run(SocketProcessorBase.java:49)
	at org.apache.tomcat.util.threads.ThreadPoolExecutor.runWorker(ThreadPoolExecutor.java:1191)
	at org.apache.tomcat.util.threads.ThreadPoolExecutor$Worker.run(ThreadPoolExecutor.java:659)
	at org.apache.tomcat.util.threads.TaskThread$WrappingRunnable.run(TaskThread.java:61)
	at java.base/java.lang.Thread.run(Thread.java:834)
2022-02-17 11:49:34.804 ERROR o.a.c.c.C.[.[localhost].[/].[dispatcherServlet]   :175  [32m                  [0;39m Servlet.service() for servlet [dispatcherServlet] in context with path [] threw exception [Request processing failed; nested exception is java.lang.NullPointerException] with root cause
java.lang.NullPointerException: null
	at com.example.endowment.controller.EuserController.delete(EuserController.java:52)
	at java.base/jdk.internal.reflect.NativeMethodAccessorImpl.invoke0(Native Method)
	at java.base/jdk.internal.reflect.NativeMethodAccessorImpl.invoke(NativeMethodAccessorImpl.java:62)
	at java.base/jdk.internal.reflect.DelegatingMethodAccessorImpl.invoke(DelegatingMethodAccessorImpl.java:43)
	at java.base/java.lang.reflect.Method.invoke(Method.java:566)
	at org.springframework.web.method.support.InvocableHandlerMethod.doInvoke(InvocableHandlerMethod.java:205)
	at org.springframework.web.method.support.InvocableHandlerMethod.invokeForRequest(InvocableHandlerMethod.java:150)
	at org.springframework.web.servlet.mvc.method.annotation.ServletInvocableHandlerMethod.invokeAndHandle(ServletInvocableHandlerMethod.java:117)
	at org.springframework.web.servlet.mvc.method.annotation.RequestMappingHandlerAdapter.invokeHandlerMethod(RequestMappingHandlerAdapter.java:895)
	at org.springframework.web.servlet.mvc.method.annotation.RequestMappingHandlerAdapter.handleInternal(RequestMappingHandlerAdapter.java:808)
	at org.springframework.web.servlet.mvc.method.AbstractHandlerMethodAdapter.handle(AbstractHandlerMethodAdapter.java:87)
	at org.springframework.web.servlet.DispatcherServlet.doDispatch(DispatcherServlet.java:1067)
	at org.springframework.web.servlet.DispatcherServlet.doService(DispatcherServlet.java:963)
	at org.springframework.web.servlet.FrameworkServlet.processRequest(FrameworkServlet.java:1006)
	at org.springframework.web.servlet.FrameworkServlet.doPost(FrameworkServlet.java:909)
	at javax.servlet.http.HttpServlet.service(HttpServlet.java:681)
	at org.springframework.web.servlet.FrameworkServlet.service(FrameworkServlet.java:883)
	at javax.servlet.http.HttpServlet.service(HttpServlet.java:764)
	at org.apache.catalina.core.ApplicationFilterChain.internalDoFilter(ApplicationFilterChain.java:227)
	at org.apache.catalina.core.ApplicationFilterChain.doFilter(ApplicationFilterChain.java:162)
	at org.apache.tomcat.websocket.server.WsFilter.doFilter(WsFilter.java:53)
	at org.apache.catalina.core.ApplicationFilterChain.internalDoFilter(ApplicationFilterChain.java:189)
	at org.apache.catalina.core.ApplicationFilterChain.doFilter(ApplicationFilterChain.java:162)
	at org.springframework.web.filter.RequestContextFilter.doFilterInternal(RequestContextFilter.java:100)
	at org.springframework.web.filter.OncePerRequestFilter.doFilter(OncePerRequestFilter.java:119)
	at org.apache.catalina.core.ApplicationFilterChain.internalDoFilter(ApplicationFilterChain.java:189)
	at org.apache.catalina.core.ApplicationFilterChain.doFilter(ApplicationFilterChain.java:162)
	at org.springframework.web.filter.FormContentFilter.doFilterInternal(FormContentFilter.java:93)
	at org.springframework.web.filter.OncePerRequestFilter.doFilter(OncePerRequestFilter.java:119)
	at org.apache.catalina.core.ApplicationFilterChain.internalDoFilter(ApplicationFilterChain.java:189)
	at org.apache.catalina.core.ApplicationFilterChain.doFilter(ApplicationFilterChain.java:162)
	at org.springframework.web.filter.CharacterEncodingFilter.doFilterInternal(CharacterEncodingFilter.java:201)
	at org.springframework.web.filter.OncePerRequestFilter.doFilter(OncePerRequestFilter.java:119)
	at org.apache.catalina.core.ApplicationFilterChain.internalDoFilter(ApplicationFilterChain.java:189)
	at org.apache.catalina.core.ApplicationFilterChain.doFilter(ApplicationFilterChain.java:162)
	at org.apache.catalina.core.StandardWrapperValve.invoke(StandardWrapperValve.java:197)
	at org.apache.catalina.core.StandardContextValve.invoke(StandardContextValve.java:97)
	at org.apache.catalina.authenticator.AuthenticatorBase.invoke(AuthenticatorBase.java:540)
	at org.apache.catalina.core.StandardHostValve.invoke(StandardHostValve.java:135)
	at org.apache.catalina.valves.ErrorReportValve.invoke(ErrorReportValve.java:92)
	at org.apache.catalina.core.StandardEngineValve.invoke(StandardEngineValve.java:78)
	at org.apache.catalina.connector.CoyoteAdapter.service(CoyoteAdapter.java:357)
	at org.apache.coyote.http11.Http11Processor.service(Http11Processor.java:382)
	at org.apache.coyote.AbstractProcessorLight.process(AbstractProcessorLight.java:65)
	at org.apache.coyote.AbstractProtocol$ConnectionHandler.process(AbstractProtocol.java:893)
	at org.apache.tomcat.util.net.NioEndpoint$SocketProcessor.doRun(NioEndpoint.java:1726)
	at org.apache.tomcat.util.net.SocketProcessorBase.run(SocketProcessorBase.java:49)
	at org.apache.tomcat.util.threads.ThreadPoolExecutor.runWorker(ThreadPoolExecutor.java:1191)
	at org.apache.tomcat.util.threads.ThreadPoolExecutor$Worker.run(ThreadPoolExecutor.java:659)
	at org.apache.tomcat.util.threads.TaskThread$WrappingRunnable.run(TaskThread.java:61)
	at java.base/java.lang.Thread.run(Thread.java:834)
2022-02-17 13:53:32.287 INFO  com.example.endowment.EndowmentApplication        :55   [32m                  [0;39m Starting EndowmentApplication using Java 11.0.1 on A026447-NC with PID 6980 (D:\endowment\target\classes started by tanrui in D:\endowment)
2022-02-17 13:53:32.292 INFO  com.example.endowment.EndowmentApplication        :659  [32m                  [0;39m No active profile set, falling back to default profiles: default
2022-02-17 13:53:32.359 INFO  o.s.b.d.env.DevToolsPropertyDefaultsPostProcessor :255  [32m                  [0;39m Devtools property defaults active! Set 'spring.devtools.add-properties' to 'false' to disable
2022-02-17 13:53:32.360 INFO  o.s.b.d.env.DevToolsPropertyDefaultsPostProcessor :255  [32m                  [0;39m For additional web related logging consider setting the 'logging.level.web' property to 'DEBUG'
2022-02-17 13:53:33.528 INFO  o.s.boot.web.embedded.tomcat.TomcatWebServer      :108  [32m                  [0;39m Tomcat initialized with port(s): 8880 (http)
2022-02-17 13:53:33.537 INFO  org.apache.coyote.http11.Http11NioProtocol        :173  [32m                  [0;39m Initializing ProtocolHandler ["http-nio-8880"]
2022-02-17 13:53:33.538 INFO  org.apache.catalina.core.StandardService          :173  [32m                  [0;39m Starting service [Tomcat]
2022-02-17 13:53:33.538 INFO  org.apache.catalina.core.StandardEngine           :173  [32m                  [0;39m Starting Servlet engine: [Apache Tomcat/9.0.53]
2022-02-17 13:53:33.625 INFO  o.a.c.core.ContainerBase.[Tomcat].[localhost].[/] :173  [32m                  [0;39m Initializing Spring embedded WebApplicationContext
2022-02-17 13:53:33.625 INFO  o.s.b.w.s.c.ServletWebServerApplicationContext    :290  [32m                  [0;39m Root WebApplicationContext: initialization completed in 1263 ms
2022-02-17 13:53:34.597 INFO  o.s.b.d.autoconfigure.OptionalLiveReloadServer    :58   [32m                  [0;39m LiveReload server is running on port 35729
2022-02-17 13:53:34.637 INFO  org.apache.coyote.http11.Http11NioProtocol        :173  [32m                  [0;39m Starting ProtocolHandler ["http-nio-8880"]
2022-02-17 13:53:34.695 INFO  o.s.boot.web.embedded.tomcat.TomcatWebServer      :220  [32m                  [0;39m Tomcat started on port(s): 8880 (http) with context path ''
2022-02-17 13:53:34.727 INFO  com.example.endowment.EndowmentApplication        :61   [32m                  [0;39m Started EndowmentApplication in 3.153 seconds (JVM running for 4.743)
2022-02-17 13:53:34.735 INFO  com.example.endowment.EndowmentApplication        :17   [32m                  [0;39m 启动成功！！
2022-02-17 13:53:34.736 INFO  com.example.endowment.EndowmentApplication        :18   [32m                  [0;39m 地址:	http://127.0.0.1:8880
2022-02-17 13:54:11.354 INFO  o.a.c.core.ContainerBase.[Tomcat].[localhost].[/] :173  [32m                  [0;39m Initializing Spring DispatcherServlet 'dispatcherServlet'
2022-02-17 13:54:11.355 INFO  org.springframework.web.servlet.DispatcherServlet :525  [32m                  [0;39m Initializing Servlet 'dispatcherServlet'
2022-02-17 13:54:11.357 INFO  org.springframework.web.servlet.DispatcherServlet :547  [32m                  [0;39m Completed initialization in 1 ms
2022-02-17 13:54:11.458 INFO  com.zaxxer.hikari.HikariDataSource                :110  [32m                  [0;39m HikariPool-1 - Starting...
2022-02-17 13:54:11.768 INFO  com.zaxxer.hikari.HikariDataSource                :123  [32m                  [0;39m HikariPool-1 - Start completed.
2022-02-17 13:54:11.847 INFO  com.example.endowment.service.EuserService        :51   [32m                  [0;39m 总行数:4
2022-02-17 13:54:11.848 INFO  com.example.endowment.service.EuserService        :52   [32m                  [0;39m 总页数:1
2022-02-17 13:54:21.452 INFO  com.example.endowment.service.EuserService        :51   [32m                  [0;39m 总行数:4
2022-02-17 13:54:21.452 INFO  com.example.endowment.service.EuserService        :52   [32m                  [0;39m 总页数:1
2022-02-17 13:57:02.226 INFO  com.zaxxer.hikari.HikariDataSource                :350  [32m                  [0;39m HikariPool-1 - Shutdown initiated...
2022-02-17 13:57:02.240 INFO  com.zaxxer.hikari.HikariDataSource                :352  [32m                  [0;39m HikariPool-1 - Shutdown completed.
2022-02-17 13:57:12.253 INFO  com.example.endowment.EndowmentApplication        :55   [32m                  [0;39m Starting EndowmentApplication using Java 11.0.1 on A026447-NC with PID 9016 (D:\endowment\target\classes started by tanrui in D:\endowment)
2022-02-17 13:57:12.257 INFO  com.example.endowment.EndowmentApplication        :659  [32m                  [0;39m No active profile set, falling back to default profiles: default
2022-02-17 13:57:12.321 INFO  o.s.b.d.env.DevToolsPropertyDefaultsPostProcessor :255  [32m                  [0;39m Devtools property defaults active! Set 'spring.devtools.add-properties' to 'false' to disable
2022-02-17 13:57:12.322 INFO  o.s.b.d.env.DevToolsPropertyDefaultsPostProcessor :255  [32m                  [0;39m For additional web related logging consider setting the 'logging.level.web' property to 'DEBUG'
2022-02-17 13:57:13.937 INFO  o.s.boot.web.embedded.tomcat.TomcatWebServer      :108  [32m                  [0;39m Tomcat initialized with port(s): 8880 (http)
2022-02-17 13:57:13.952 INFO  org.apache.coyote.http11.Http11NioProtocol        :173  [32m                  [0;39m Initializing ProtocolHandler ["http-nio-8880"]
2022-02-17 13:57:13.953 INFO  org.apache.catalina.core.StandardService          :173  [32m                  [0;39m Starting service [Tomcat]
2022-02-17 13:57:13.954 INFO  org.apache.catalina.core.StandardEngine           :173  [32m                  [0;39m Starting Servlet engine: [Apache Tomcat/9.0.53]
2022-02-17 13:57:14.095 INFO  o.a.c.core.ContainerBase.[Tomcat].[localhost].[/] :173  [32m                  [0;39m Initializing Spring embedded WebApplicationContext
2022-02-17 13:57:14.096 INFO  o.s.b.w.s.c.ServletWebServerApplicationContext    :290  [32m                  [0;39m Root WebApplicationContext: initialization completed in 1773 ms
2022-02-17 13:57:14.921 INFO  o.s.b.d.autoconfigure.OptionalLiveReloadServer    :58   [32m                  [0;39m LiveReload server is running on port 35729
2022-02-17 13:57:14.943 INFO  org.apache.coyote.http11.Http11NioProtocol        :173  [32m                  [0;39m Starting ProtocolHandler ["http-nio-8880"]
2022-02-17 13:57:14.967 INFO  o.s.boot.web.embedded.tomcat.TomcatWebServer      :220  [32m                  [0;39m Tomcat started on port(s): 8880 (http) with context path ''
2022-02-17 13:57:14.982 INFO  com.example.endowment.EndowmentApplication        :61   [32m                  [0;39m Started EndowmentApplication in 3.525 seconds (JVM running for 5.352)
2022-02-17 13:57:14.987 INFO  com.example.endowment.EndowmentApplication        :17   [32m                  [0;39m 启动成功！！
2022-02-17 13:57:14.988 INFO  com.example.endowment.EndowmentApplication        :18   [32m                  [0;39m 地址:	http://127.0.0.1:8880
2022-02-17 13:57:32.608 INFO  o.a.c.core.ContainerBase.[Tomcat].[localhost].[/] :173  [32m                  [0;39m Initializing Spring DispatcherServlet 'dispatcherServlet'
2022-02-17 13:57:32.609 INFO  org.springframework.web.servlet.DispatcherServlet :525  [32m                  [0;39m Initializing Servlet 'dispatcherServlet'
2022-02-17 13:57:32.610 INFO  org.springframework.web.servlet.DispatcherServlet :547  [32m                  [0;39m Completed initialization in 0 ms
2022-02-17 13:57:32.717 INFO  com.zaxxer.hikari.HikariDataSource                :110  [32m                  [0;39m HikariPool-1 - Starting...
2022-02-17 13:57:33.111 INFO  com.zaxxer.hikari.HikariDataSource                :123  [32m                  [0;39m HikariPool-1 - Start completed.
2022-02-17 13:57:33.176 INFO  com.example.endowment.service.EuserService        :51   [32m                  [0;39m 总行数:4
2022-02-17 13:57:33.177 INFO  com.example.endowment.service.EuserService        :52   [32m                  [0;39m 总页数:1
2022-02-17 13:58:10.842 INFO  com.zaxxer.hikari.HikariDataSource                :350  [32m                  [0;39m HikariPool-1 - Shutdown initiated...
2022-02-17 13:58:10.856 INFO  com.zaxxer.hikari.HikariDataSource                :352  [32m                  [0;39m HikariPool-1 - Shutdown completed.
2022-02-17 14:02:25.218 INFO  com.example.endowment.EndowmentApplication        :55   [32m                  [0;39m Starting EndowmentApplication using Java 11.0.1 on A026447-NC with PID 14500 (D:\endowment\target\classes started by tanrui in D:\endowment)
2022-02-17 14:02:25.222 INFO  com.example.endowment.EndowmentApplication        :659  [32m                  [0;39m No active profile set, falling back to default profiles: default
2022-02-17 14:02:25.280 INFO  o.s.b.d.env.DevToolsPropertyDefaultsPostProcessor :255  [32m                  [0;39m Devtools property defaults active! Set 'spring.devtools.add-properties' to 'false' to disable
2022-02-17 14:02:25.281 INFO  o.s.b.d.env.DevToolsPropertyDefaultsPostProcessor :255  [32m                  [0;39m For additional web related logging consider setting the 'logging.level.web' property to 'DEBUG'
2022-02-17 14:02:26.275 INFO  o.s.boot.web.embedded.tomcat.TomcatWebServer      :108  [32m                  [0;39m Tomcat initialized with port(s): 8880 (http)
2022-02-17 14:02:26.284 INFO  org.apache.coyote.http11.Http11NioProtocol        :173  [32m                  [0;39m Initializing ProtocolHandler ["http-nio-8880"]
2022-02-17 14:02:26.284 INFO  org.apache.catalina.core.StandardService          :173  [32m                  [0;39m Starting service [Tomcat]
2022-02-17 14:02:26.285 INFO  org.apache.catalina.core.StandardEngine           :173  [32m                  [0;39m Starting Servlet engine: [Apache Tomcat/9.0.53]
2022-02-17 14:02:26.367 INFO  o.a.c.core.ContainerBase.[Tomcat].[localhost].[/] :173  [32m                  [0;39m Initializing Spring embedded WebApplicationContext
2022-02-17 14:02:26.367 INFO  o.s.b.w.s.c.ServletWebServerApplicationContext    :290  [32m                  [0;39m Root WebApplicationContext: initialization completed in 1085 ms
2022-02-17 14:02:26.963 INFO  o.s.b.d.autoconfigure.OptionalLiveReloadServer    :58   [32m                  [0;39m LiveReload server is running on port 35729
2022-02-17 14:02:26.980 INFO  org.apache.coyote.http11.Http11NioProtocol        :173  [32m                  [0;39m Starting ProtocolHandler ["http-nio-8880"]
2022-02-17 14:02:26.999 INFO  o.s.boot.web.embedded.tomcat.TomcatWebServer      :220  [32m                  [0;39m Tomcat started on port(s): 8880 (http) with context path ''
2022-02-17 14:02:27.012 INFO  com.example.endowment.EndowmentApplication        :61   [32m                  [0;39m Started EndowmentApplication in 2.451 seconds (JVM running for 3.951)
2022-02-17 14:02:27.015 INFO  com.example.endowment.EndowmentApplication        :17   [32m                  [0;39m 启动成功！！
2022-02-17 14:02:27.016 INFO  com.example.endowment.EndowmentApplication        :18   [32m                  [0;39m 地址:	http://127.0.0.1:8880
2022-02-17 14:03:09.146 INFO  o.a.c.core.ContainerBase.[Tomcat].[localhost].[/] :173  [32m                  [0;39m Initializing Spring DispatcherServlet 'dispatcherServlet'
2022-02-17 14:03:09.147 INFO  org.springframework.web.servlet.DispatcherServlet :525  [32m                  [0;39m Initializing Servlet 'dispatcherServlet'
2022-02-17 14:03:09.149 INFO  org.springframework.web.servlet.DispatcherServlet :547  [32m                  [0;39m Completed initialization in 1 ms
2022-02-17 14:03:09.239 INFO  com.zaxxer.hikari.HikariDataSource                :110  [32m                  [0;39m HikariPool-1 - Starting...
2022-02-17 14:03:09.585 INFO  com.zaxxer.hikari.HikariDataSource                :123  [32m                  [0;39m HikariPool-1 - Start completed.
2022-02-17 14:03:09.657 INFO  com.example.endowment.service.EuserService        :51   [32m                  [0;39m 总行数:4
2022-02-17 14:03:09.658 INFO  com.example.endowment.service.EuserService        :52   [32m                  [0;39m 总页数:1
2022-02-17 14:03:15.547 INFO  com.example.endowment.service.EuserService        :51   [32m                  [0;39m 总行数:4
2022-02-17 14:03:15.547 INFO  com.example.endowment.service.EuserService        :52   [32m                  [0;39m 总页数:1
2022-02-17 14:03:30.289 INFO  com.zaxxer.hikari.HikariDataSource                :350  [32m                  [0;39m HikariPool-1 - Shutdown initiated...
2022-02-17 14:03:30.307 INFO  com.zaxxer.hikari.HikariDataSource                :352  [32m                  [0;39m HikariPool-1 - Shutdown completed.
2022-02-17 14:04:03.121 INFO  com.example.endowment.EndowmentApplication        :55   [32m                  [0;39m Starting EndowmentApplication using Java 11.0.1 on A026447-NC with PID 9876 (D:\endowment\target\classes started by tanrui in D:\endowment)
2022-02-17 14:04:03.128 INFO  com.example.endowment.EndowmentApplication        :659  [32m                  [0;39m No active profile set, falling back to default profiles: default
2022-02-17 14:04:03.247 INFO  o.s.b.d.env.DevToolsPropertyDefaultsPostProcessor :255  [32m                  [0;39m Devtools property defaults active! Set 'spring.devtools.add-properties' to 'false' to disable
2022-02-17 14:04:03.248 INFO  o.s.b.d.env.DevToolsPropertyDefaultsPostProcessor :255  [32m                  [0;39m For additional web related logging consider setting the 'logging.level.web' property to 'DEBUG'
2022-02-17 14:04:04.901 INFO  o.s.boot.web.embedded.tomcat.TomcatWebServer      :108  [32m                  [0;39m Tomcat initialized with port(s): 8880 (http)
2022-02-17 14:04:04.917 INFO  org.apache.coyote.http11.Http11NioProtocol        :173  [32m                  [0;39m Initializing ProtocolHandler ["http-nio-8880"]
2022-02-17 14:04:04.919 INFO  org.apache.catalina.core.StandardService          :173  [32m                  [0;39m Starting service [Tomcat]
2022-02-17 14:04:04.920 INFO  org.apache.catalina.core.StandardEngine           :173  [32m                  [0;39m Starting Servlet engine: [Apache Tomcat/9.0.53]
2022-02-17 14:04:05.058 INFO  o.a.c.core.ContainerBase.[Tomcat].[localhost].[/] :173  [32m                  [0;39m Initializing Spring embedded WebApplicationContext
2022-02-17 14:04:05.058 INFO  o.s.b.w.s.c.ServletWebServerApplicationContext    :290  [32m                  [0;39m Root WebApplicationContext: initialization completed in 1809 ms
2022-02-17 14:04:05.961 INFO  o.s.b.d.autoconfigure.OptionalLiveReloadServer    :58   [32m                  [0;39m LiveReload server is running on port 35729
2022-02-17 14:04:05.984 INFO  org.apache.coyote.http11.Http11NioProtocol        :173  [32m                  [0;39m Starting ProtocolHandler ["http-nio-8880"]
2022-02-17 14:04:06.014 INFO  o.s.boot.web.embedded.tomcat.TomcatWebServer      :220  [32m                  [0;39m Tomcat started on port(s): 8880 (http) with context path ''
2022-02-17 14:04:06.033 INFO  com.example.endowment.EndowmentApplication        :61   [32m                  [0;39m Started EndowmentApplication in 3.861 seconds (JVM running for 6.839)
2022-02-17 14:04:06.037 INFO  com.example.endowment.EndowmentApplication        :17   [32m                  [0;39m 启动成功！！
2022-02-17 14:04:06.038 INFO  com.example.endowment.EndowmentApplication        :18   [32m                  [0;39m 地址:	http://127.0.0.1:8880
2022-02-17 14:04:24.726 INFO  o.a.c.core.ContainerBase.[Tomcat].[localhost].[/] :173  [32m                  [0;39m Initializing Spring DispatcherServlet 'dispatcherServlet'
2022-02-17 14:04:24.727 INFO  org.springframework.web.servlet.DispatcherServlet :525  [32m                  [0;39m Initializing Servlet 'dispatcherServlet'
2022-02-17 14:04:24.729 INFO  org.springframework.web.servlet.DispatcherServlet :547  [32m                  [0;39m Completed initialization in 1 ms
2022-02-17 14:04:24.844 INFO  com.zaxxer.hikari.HikariDataSource                :110  [32m                  [0;39m HikariPool-1 - Starting...
2022-02-17 14:04:25.268 INFO  com.zaxxer.hikari.HikariDataSource                :123  [32m                  [0;39m HikariPool-1 - Start completed.
2022-02-17 14:04:25.343 INFO  com.example.endowment.service.EuserService        :51   [32m                  [0;39m 总行数:4
2022-02-17 14:04:25.344 INFO  com.example.endowment.service.EuserService        :52   [32m                  [0;39m 总页数:1
2022-02-17 14:05:22.237 INFO  com.zaxxer.hikari.HikariDataSource                :350  [32m                  [0;39m HikariPool-1 - Shutdown initiated...
2022-02-17 14:05:22.252 INFO  com.zaxxer.hikari.HikariDataSource                :352  [32m                  [0;39m HikariPool-1 - Shutdown completed.
2022-02-17 14:05:32.828 INFO  com.example.endowment.EndowmentApplication        :55   [32m                  [0;39m Starting EndowmentApplication using Java 11.0.1 on A026447-NC with PID 820 (D:\endowment\target\classes started by tanrui in D:\endowment)
2022-02-17 14:05:32.832 INFO  com.example.endowment.EndowmentApplication        :659  [32m                  [0;39m No active profile set, falling back to default profiles: default
2022-02-17 14:05:32.907 INFO  o.s.b.d.env.DevToolsPropertyDefaultsPostProcessor :255  [32m                  [0;39m Devtools property defaults active! Set 'spring.devtools.add-properties' to 'false' to disable
2022-02-17 14:05:32.908 INFO  o.s.b.d.env.DevToolsPropertyDefaultsPostProcessor :255  [32m                  [0;39m For additional web related logging consider setting the 'logging.level.web' property to 'DEBUG'
2022-02-17 14:05:34.183 INFO  o.s.boot.web.embedded.tomcat.TomcatWebServer      :108  [32m                  [0;39m Tomcat initialized with port(s): 8880 (http)
2022-02-17 14:05:34.195 INFO  org.apache.coyote.http11.Http11NioProtocol        :173  [32m                  [0;39m Initializing ProtocolHandler ["http-nio-8880"]
2022-02-17 14:05:34.196 INFO  org.apache.catalina.core.StandardService          :173  [32m                  [0;39m Starting service [Tomcat]
2022-02-17 14:05:34.196 INFO  org.apache.catalina.core.StandardEngine           :173  [32m                  [0;39m Starting Servlet engine: [Apache Tomcat/9.0.53]
2022-02-17 14:05:34.290 INFO  o.a.c.core.ContainerBase.[Tomcat].[localhost].[/] :173  [32m                  [0;39m Initializing Spring embedded WebApplicationContext
2022-02-17 14:05:34.291 INFO  o.s.b.w.s.c.ServletWebServerApplicationContext    :290  [32m                  [0;39m Root WebApplicationContext: initialization completed in 1382 ms
2022-02-17 14:05:35.084 INFO  o.s.b.d.autoconfigure.OptionalLiveReloadServer    :58   [32m                  [0;39m LiveReload server is running on port 35729
2022-02-17 14:05:35.104 INFO  org.apache.coyote.http11.Http11NioProtocol        :173  [32m                  [0;39m Starting ProtocolHandler ["http-nio-8880"]
2022-02-17 14:05:35.129 INFO  o.s.boot.web.embedded.tomcat.TomcatWebServer      :220  [32m                  [0;39m Tomcat started on port(s): 8880 (http) with context path ''
2022-02-17 14:05:35.143 INFO  com.example.endowment.EndowmentApplication        :61   [32m                  [0;39m Started EndowmentApplication in 3.16 seconds (JVM running for 4.982)
2022-02-17 14:05:35.148 INFO  com.example.endowment.EndowmentApplication        :17   [32m                  [0;39m 启动成功！！
2022-02-17 14:05:35.148 INFO  com.example.endowment.EndowmentApplication        :18   [32m                  [0;39m 地址:	http://127.0.0.1:8880
2022-02-17 14:05:45.213 INFO  o.a.c.core.ContainerBase.[Tomcat].[localhost].[/] :173  [32m                  [0;39m Initializing Spring DispatcherServlet 'dispatcherServlet'
2022-02-17 14:05:45.214 INFO  org.springframework.web.servlet.DispatcherServlet :525  [32m                  [0;39m Initializing Servlet 'dispatcherServlet'
2022-02-17 14:05:45.216 INFO  org.springframework.web.servlet.DispatcherServlet :547  [32m                  [0;39m Completed initialization in 2 ms
2022-02-17 14:06:52.791 INFO  com.zaxxer.hikari.HikariDataSource                :110  [32m                  [0;39m HikariPool-1 - Starting...
2022-02-17 14:06:57.274 INFO  com.zaxxer.hikari.HikariDataSource                :123  [32m                  [0;39m HikariPool-1 - Start completed.
2022-02-17 14:07:34.735 INFO  com.zaxxer.hikari.HikariDataSource                :350  [32m                  [0;39m HikariPool-1 - Shutdown initiated...
2022-02-17 14:07:34.750 INFO  com.zaxxer.hikari.HikariDataSource                :352  [32m                  [0;39m HikariPool-1 - Shutdown completed.
2022-02-17 14:16:33.534 INFO  com.example.endowment.EndowmentApplication        :55   [32m                  [0;39m Starting EndowmentApplication using Java 11.0.1 on A026447-NC with PID 11140 (D:\endowment\target\classes started by tanrui in D:\endowment)
2022-02-17 14:16:33.538 INFO  com.example.endowment.EndowmentApplication        :659  [32m                  [0;39m No active profile set, falling back to default profiles: default
2022-02-17 14:16:33.615 INFO  o.s.b.d.env.DevToolsPropertyDefaultsPostProcessor :255  [32m                  [0;39m Devtools property defaults active! Set 'spring.devtools.add-properties' to 'false' to disable
2022-02-17 14:16:33.616 INFO  o.s.b.d.env.DevToolsPropertyDefaultsPostProcessor :255  [32m                  [0;39m For additional web related logging consider setting the 'logging.level.web' property to 'DEBUG'
2022-02-17 14:16:34.972 INFO  o.s.boot.web.embedded.tomcat.TomcatWebServer      :108  [32m                  [0;39m Tomcat initialized with port(s): 8880 (http)
2022-02-17 14:16:34.983 INFO  org.apache.coyote.http11.Http11NioProtocol        :173  [32m                  [0;39m Initializing ProtocolHandler ["http-nio-8880"]
2022-02-17 14:16:34.984 INFO  org.apache.catalina.core.StandardService          :173  [32m                  [0;39m Starting service [Tomcat]
2022-02-17 14:16:34.985 INFO  org.apache.catalina.core.StandardEngine           :173  [32m                  [0;39m Starting Servlet engine: [Apache Tomcat/9.0.53]
2022-02-17 14:16:35.103 INFO  o.a.c.core.ContainerBase.[Tomcat].[localhost].[/] :173  [32m                  [0;39m Initializing Spring embedded WebApplicationContext
2022-02-17 14:16:35.103 INFO  o.s.b.w.s.c.ServletWebServerApplicationContext    :290  [32m                  [0;39m Root WebApplicationContext: initialization completed in 1486 ms
2022-02-17 14:16:36.102 INFO  o.s.b.d.autoconfigure.OptionalLiveReloadServer    :58   [32m                  [0;39m LiveReload server is running on port 35729
2022-02-17 14:16:36.128 INFO  org.apache.coyote.http11.Http11NioProtocol        :173  [32m                  [0;39m Starting ProtocolHandler ["http-nio-8880"]
2022-02-17 14:16:36.160 INFO  o.s.boot.web.embedded.tomcat.TomcatWebServer      :220  [32m                  [0;39m Tomcat started on port(s): 8880 (http) with context path ''
2022-02-17 14:16:36.182 INFO  com.example.endowment.EndowmentApplication        :61   [32m                  [0;39m Started EndowmentApplication in 3.603 seconds (JVM running for 5.966)
2022-02-17 14:16:36.191 INFO  com.example.endowment.EndowmentApplication        :17   [32m                  [0;39m 启动成功！！
2022-02-17 14:16:36.193 INFO  com.example.endowment.EndowmentApplication        :18   [32m                  [0;39m 地址:	http://127.0.0.1:8880
2022-02-17 14:17:30.940 INFO  o.a.c.core.ContainerBase.[Tomcat].[localhost].[/] :173  [32m                  [0;39m Initializing Spring DispatcherServlet 'dispatcherServlet'
2022-02-17 14:17:30.941 INFO  org.springframework.web.servlet.DispatcherServlet :525  [32m                  [0;39m Initializing Servlet 'dispatcherServlet'
2022-02-17 14:17:30.943 INFO  org.springframework.web.servlet.DispatcherServlet :547  [32m                  [0;39m Completed initialization in 2 ms
2022-02-17 14:17:31.063 INFO  com.zaxxer.hikari.HikariDataSource                :110  [32m                  [0;39m HikariPool-1 - Starting...
2022-02-17 14:17:31.429 INFO  com.zaxxer.hikari.HikariDataSource                :123  [32m                  [0;39m HikariPool-1 - Start completed.
2022-02-17 14:17:31.506 INFO  com.example.endowment.service.EuserService        :51   [32m                  [0;39m 总行数:4
2022-02-17 14:17:31.507 INFO  com.example.endowment.service.EuserService        :52   [32m                  [0;39m 总页数:1
2022-02-17 14:20:01.111 WARN  com.zaxxer.hikari.pool.HikariPool                 :788  [32m                  [0;39m HikariPool-1 - Thread starvation or clock leap detected (housekeeper delta=1m54s473ms198µs899ns).
2022-02-17 14:30:55.238 INFO  com.example.endowment.EndowmentApplication        :55   [32m                  [0;39m Starting EndowmentApplication using Java 11.0.1 on A026447-NC with PID 3188 (D:\endowment\target\classes started by tanrui in D:\endowment)
2022-02-17 14:30:55.243 INFO  com.example.endowment.EndowmentApplication        :659  [32m                  [0;39m No active profile set, falling back to default profiles: default
2022-02-17 14:30:55.322 INFO  o.s.b.d.env.DevToolsPropertyDefaultsPostProcessor :255  [32m                  [0;39m Devtools property defaults active! Set 'spring.devtools.add-properties' to 'false' to disable
2022-02-17 14:30:55.322 INFO  o.s.b.d.env.DevToolsPropertyDefaultsPostProcessor :255  [32m                  [0;39m For additional web related logging consider setting the 'logging.level.web' property to 'DEBUG'
2022-02-17 14:30:56.563 INFO  o.s.boot.web.embedded.tomcat.TomcatWebServer      :108  [32m                  [0;39m Tomcat initialized with port(s): 8880 (http)
2022-02-17 14:30:56.573 INFO  org.apache.coyote.http11.Http11NioProtocol        :173  [32m                  [0;39m Initializing ProtocolHandler ["http-nio-8880"]
2022-02-17 14:30:56.573 INFO  org.apache.catalina.core.StandardService          :173  [32m                  [0;39m Starting service [Tomcat]
2022-02-17 14:30:56.574 INFO  org.apache.catalina.core.StandardEngine           :173  [32m                  [0;39m Starting Servlet engine: [Apache Tomcat/9.0.53]
2022-02-17 14:30:56.678 INFO  o.a.c.core.ContainerBase.[Tomcat].[localhost].[/] :173  [32m                  [0;39m Initializing Spring embedded WebApplicationContext
2022-02-17 14:30:56.679 INFO  o.s.b.w.s.c.ServletWebServerApplicationContext    :290  [32m                  [0;39m Root WebApplicationContext: initialization completed in 1356 ms
2022-02-17 14:30:57.570 INFO  o.s.b.d.autoconfigure.OptionalLiveReloadServer    :58   [32m                  [0;39m LiveReload server is running on port 35729
2022-02-17 14:30:57.586 INFO  org.apache.coyote.http11.Http11NioProtocol        :173  [32m                  [0;39m Starting ProtocolHandler ["http-nio-8880"]
2022-02-17 14:30:57.603 INFO  o.s.boot.web.embedded.tomcat.TomcatWebServer      :220  [32m                  [0;39m Tomcat started on port(s): 8880 (http) with context path ''
2022-02-17 14:30:57.616 INFO  com.example.endowment.EndowmentApplication        :61   [32m                  [0;39m Started EndowmentApplication in 3.128 seconds (JVM running for 5.222)
2022-02-17 14:30:57.619 INFO  com.example.endowment.EndowmentApplication        :17   [32m                  [0;39m 启动成功！！
2022-02-17 14:30:57.619 INFO  com.example.endowment.EndowmentApplication        :18   [32m                  [0;39m 地址:	http://127.0.0.1:8880
2022-02-17 14:34:52.421 INFO  o.a.c.core.ContainerBase.[Tomcat].[localhost].[/] :173  [32m                  [0;39m Initializing Spring DispatcherServlet 'dispatcherServlet'
2022-02-17 14:34:52.422 INFO  org.springframework.web.servlet.DispatcherServlet :525  [32m                  [0;39m Initializing Servlet 'dispatcherServlet'
2022-02-17 14:34:52.423 INFO  org.springframework.web.servlet.DispatcherServlet :547  [32m                  [0;39m Completed initialization in 1 ms
2022-02-17 14:34:52.541 INFO  com.zaxxer.hikari.HikariDataSource                :110  [32m                  [0;39m HikariPool-1 - Starting...
2022-02-17 14:34:52.907 INFO  com.zaxxer.hikari.HikariDataSource                :123  [32m                  [0;39m HikariPool-1 - Start completed.
2022-02-17 14:34:52.990 INFO  com.example.endowment.service.EuserService        :51   [32m                  [0;39m 总行数:2
2022-02-17 14:34:52.991 INFO  com.example.endowment.service.EuserService        :52   [32m                  [0;39m 总页数:1
2022-02-17 14:35:18.461 INFO  com.example.endowment.service.EuserService        :51   [32m                  [0;39m 总行数:3
2022-02-17 14:35:18.462 INFO  com.example.endowment.service.EuserService        :52   [32m                  [0;39m 总页数:1
2022-02-17 14:35:23.894 INFO  com.example.endowment.service.EuserService        :51   [32m                  [0;39m 总行数:3
2022-02-17 14:35:23.894 INFO  com.example.endowment.service.EuserService        :52   [32m                  [0;39m 总页数:1
2022-02-17 14:35:37.462 INFO  com.example.endowment.service.EuserService        :51   [32m                  [0;39m 总行数:3
2022-02-17 14:35:37.463 INFO  com.example.endowment.service.EuserService        :52   [32m                  [0;39m 总页数:1
2022-02-17 14:35:40.599 INFO  com.example.endowment.service.EuserService        :51   [32m                  [0;39m 总行数:3
2022-02-17 14:35:40.600 INFO  com.example.endowment.service.EuserService        :52   [32m                  [0;39m 总页数:1
2022-02-17 14:35:50.297 INFO  com.example.endowment.service.EuserService        :51   [32m                  [0;39m 总行数:3
2022-02-17 14:35:50.298 INFO  com.example.endowment.service.EuserService        :52   [32m                  [0;39m 总页数:1
2022-02-17 14:35:54.913 INFO  com.example.endowment.service.EuserService        :51   [32m                  [0;39m 总行数:3
2022-02-17 14:35:54.914 INFO  com.example.endowment.service.EuserService        :52   [32m                  [0;39m 总页数:1
2022-02-17 14:36:27.848 INFO  com.zaxxer.hikari.HikariDataSource                :350  [32m                  [0;39m HikariPool-1 - Shutdown initiated...
2022-02-17 14:36:27.857 INFO  com.zaxxer.hikari.HikariDataSource                :352  [32m                  [0;39m HikariPool-1 - Shutdown completed.
2022-02-17 14:40:13.917 INFO  com.example.endowment.EndowmentApplication        :55   [32m                  [0;39m Starting EndowmentApplication using Java 11.0.1 on A026447-NC with PID 8752 (D:\endowment\target\classes started by tanrui in D:\endowment)
2022-02-17 14:40:13.955 INFO  com.example.endowment.EndowmentApplication        :659  [32m                  [0;39m No active profile set, falling back to default profiles: default
2022-02-17 14:40:14.271 INFO  o.s.b.d.env.DevToolsPropertyDefaultsPostProcessor :255  [32m                  [0;39m Devtools property defaults active! Set 'spring.devtools.add-properties' to 'false' to disable
2022-02-17 14:40:14.272 INFO  o.s.b.d.env.DevToolsPropertyDefaultsPostProcessor :255  [32m                  [0;39m For additional web related logging consider setting the 'logging.level.web' property to 'DEBUG'
2022-02-17 14:40:15.906 INFO  o.s.boot.web.embedded.tomcat.TomcatWebServer      :108  [32m                  [0;39m Tomcat initialized with port(s): 8880 (http)
2022-02-17 14:40:15.921 INFO  org.apache.coyote.http11.Http11NioProtocol        :173  [32m                  [0;39m Initializing ProtocolHandler ["http-nio-8880"]
2022-02-17 14:40:15.922 INFO  org.apache.catalina.core.StandardService          :173  [32m                  [0;39m Starting service [Tomcat]
2022-02-17 14:40:15.923 INFO  org.apache.catalina.core.StandardEngine           :173  [32m                  [0;39m Starting Servlet engine: [Apache Tomcat/9.0.53]
2022-02-17 14:40:16.058 INFO  o.a.c.core.ContainerBase.[Tomcat].[localhost].[/] :173  [32m                  [0;39m Initializing Spring embedded WebApplicationContext
2022-02-17 14:40:16.059 INFO  o.s.b.w.s.c.ServletWebServerApplicationContext    :290  [32m                  [0;39m Root WebApplicationContext: initialization completed in 1785 ms
2022-02-17 14:40:16.938 INFO  o.s.b.d.autoconfigure.OptionalLiveReloadServer    :58   [32m                  [0;39m LiveReload server is running on port 35729
2022-02-17 14:40:16.967 INFO  org.apache.coyote.http11.Http11NioProtocol        :173  [32m                  [0;39m Starting ProtocolHandler ["http-nio-8880"]
2022-02-17 14:40:16.997 INFO  o.s.boot.web.embedded.tomcat.TomcatWebServer      :220  [32m                  [0;39m Tomcat started on port(s): 8880 (http) with context path ''
2022-02-17 14:40:17.016 INFO  com.example.endowment.EndowmentApplication        :61   [32m                  [0;39m Started EndowmentApplication in 4.289 seconds (JVM running for 6.229)
2022-02-17 14:40:17.021 INFO  com.example.endowment.EndowmentApplication        :17   [32m                  [0;39m 启动成功！！
2022-02-17 14:40:17.025 INFO  com.example.endowment.EndowmentApplication        :18   [32m                  [0;39m 地址:	http://127.0.0.1:8880
2022-02-17 14:40:38.331 INFO  o.a.c.core.ContainerBase.[Tomcat].[localhost].[/] :173  [32m                  [0;39m Initializing Spring DispatcherServlet 'dispatcherServlet'
2022-02-17 14:40:38.333 INFO  org.springframework.web.servlet.DispatcherServlet :525  [32m                  [0;39m Initializing Servlet 'dispatcherServlet'
2022-02-17 14:40:38.334 INFO  org.springframework.web.servlet.DispatcherServlet :547  [32m                  [0;39m Completed initialization in 1 ms
2022-02-17 14:40:38.422 INFO  com.zaxxer.hikari.HikariDataSource                :110  [32m                  [0;39m HikariPool-1 - Starting...
2022-02-17 14:40:38.733 INFO  com.zaxxer.hikari.HikariDataSource                :123  [32m                  [0;39m HikariPool-1 - Start completed.
2022-02-17 14:40:38.806 INFO  com.example.endowment.service.EuserService        :51   [32m                  [0;39m 总行数:2
2022-02-17 14:40:38.806 INFO  com.example.endowment.service.EuserService        :52   [32m                  [0;39m 总页数:1
2022-02-17 14:41:01.172 INFO  com.example.endowment.service.EuserService        :51   [32m                  [0;39m 总行数:3
2022-02-17 14:41:01.173 INFO  com.example.endowment.service.EuserService        :52   [32m                  [0;39m 总页数:1
2022-02-17 14:41:05.224 INFO  com.example.endowment.service.EuserService        :51   [32m                  [0;39m 总行数:3
2022-02-17 14:41:05.225 INFO  com.example.endowment.service.EuserService        :52   [32m                  [0;39m 总页数:1
2022-02-17 14:42:15.618 INFO  com.zaxxer.hikari.HikariDataSource                :350  [32m                  [0;39m HikariPool-1 - Shutdown initiated...
2022-02-17 14:42:15.625 INFO  com.zaxxer.hikari.HikariDataSource                :352  [32m                  [0;39m HikariPool-1 - Shutdown completed.
2022-02-17 14:44:50.093 INFO  com.example.endowment.EndowmentApplication        :55   [32m                  [0;39m Starting EndowmentApplication using Java 11.0.1 on A026447-NC with PID 15356 (D:\endowment\target\classes started by tanrui in D:\endowment)
2022-02-17 14:44:50.098 INFO  com.example.endowment.EndowmentApplication        :659  [32m                  [0;39m No active profile set, falling back to default profiles: default
2022-02-17 14:44:50.168 INFO  o.s.b.d.env.DevToolsPropertyDefaultsPostProcessor :255  [32m                  [0;39m Devtools property defaults active! Set 'spring.devtools.add-properties' to 'false' to disable
2022-02-17 14:44:50.169 INFO  o.s.b.d.env.DevToolsPropertyDefaultsPostProcessor :255  [32m                  [0;39m For additional web related logging consider setting the 'logging.level.web' property to 'DEBUG'
2022-02-17 14:44:51.281 INFO  o.s.boot.web.embedded.tomcat.TomcatWebServer      :108  [32m                  [0;39m Tomcat initialized with port(s): 8880 (http)
2022-02-17 14:44:51.290 INFO  org.apache.coyote.http11.Http11NioProtocol        :173  [32m                  [0;39m Initializing ProtocolHandler ["http-nio-8880"]
2022-02-17 14:44:51.291 INFO  org.apache.catalina.core.StandardService          :173  [32m                  [0;39m Starting service [Tomcat]
2022-02-17 14:44:51.291 INFO  org.apache.catalina.core.StandardEngine           :173  [32m                  [0;39m Starting Servlet engine: [Apache Tomcat/9.0.53]
2022-02-17 14:44:51.373 INFO  o.a.c.core.ContainerBase.[Tomcat].[localhost].[/] :173  [32m                  [0;39m Initializing Spring embedded WebApplicationContext
2022-02-17 14:44:51.373 INFO  o.s.b.w.s.c.ServletWebServerApplicationContext    :290  [32m                  [0;39m Root WebApplicationContext: initialization completed in 1203 ms
2022-02-17 14:44:52.282 INFO  o.s.b.d.autoconfigure.OptionalLiveReloadServer    :58   [32m                  [0;39m LiveReload server is running on port 35729
2022-02-17 14:44:52.302 INFO  org.apache.coyote.http11.Http11NioProtocol        :173  [32m                  [0;39m Starting ProtocolHandler ["http-nio-8880"]
2022-02-17 14:44:52.324 INFO  o.s.boot.web.embedded.tomcat.TomcatWebServer      :220  [32m                  [0;39m Tomcat started on port(s): 8880 (http) with context path ''
2022-02-17 14:44:52.342 INFO  com.example.endowment.EndowmentApplication        :61   [32m                  [0;39m Started EndowmentApplication in 2.983 seconds (JVM running for 4.497)
2022-02-17 14:44:52.348 INFO  com.example.endowment.EndowmentApplication        :17   [32m                  [0;39m 启动成功！！
2022-02-17 14:44:52.348 INFO  com.example.endowment.EndowmentApplication        :18   [32m                  [0;39m 地址:	http://127.0.0.1:8880
2022-02-17 14:45:29.364 INFO  o.a.c.core.ContainerBase.[Tomcat].[localhost].[/] :173  [32m                  [0;39m Initializing Spring DispatcherServlet 'dispatcherServlet'
2022-02-17 14:45:29.365 INFO  org.springframework.web.servlet.DispatcherServlet :525  [32m                  [0;39m Initializing Servlet 'dispatcherServlet'
2022-02-17 14:45:29.366 INFO  org.springframework.web.servlet.DispatcherServlet :547  [32m                  [0;39m Completed initialization in 1 ms
2022-02-17 14:45:29.454 INFO  com.zaxxer.hikari.HikariDataSource                :110  [32m                  [0;39m HikariPool-1 - Starting...
2022-02-17 14:45:29.773 INFO  com.zaxxer.hikari.HikariDataSource                :123  [32m                  [0;39m HikariPool-1 - Start completed.
2022-02-17 14:45:29.843 INFO  com.example.endowment.service.EuserService        :51   [32m                  [0;39m 总行数:2
2022-02-17 14:45:29.844 INFO  com.example.endowment.service.EuserService        :52   [32m                  [0;39m 总页数:1
2022-02-17 14:45:52.448 INFO  com.example.endowment.service.EuserService        :51   [32m                  [0;39m 总行数:3
2022-02-17 14:45:52.449 INFO  com.example.endowment.service.EuserService        :52   [32m                  [0;39m 总页数:1
2022-02-17 14:45:55.209 INFO  com.example.endowment.service.EuserService        :51   [32m                  [0;39m 总行数:3
2022-02-17 14:45:55.210 INFO  com.example.endowment.service.EuserService        :52   [32m                  [0;39m 总页数:1
2022-02-17 14:45:58.369 INFO  com.example.endowment.service.EuserService        :51   [32m                  [0;39m 总行数:3
2022-02-17 14:45:58.369 INFO  com.example.endowment.service.EuserService        :52   [32m                  [0;39m 总页数:1
2022-02-17 14:46:00.630 INFO  com.example.endowment.service.EuserService        :51   [32m                  [0;39m 总行数:3
2022-02-17 14:46:00.631 INFO  com.example.endowment.service.EuserService        :52   [32m                  [0;39m 总页数:1
2022-02-17 14:47:51.380 INFO  com.zaxxer.hikari.HikariDataSource                :350  [32m                  [0;39m HikariPool-1 - Shutdown initiated...
2022-02-17 14:47:51.393 INFO  com.zaxxer.hikari.HikariDataSource                :352  [32m                  [0;39m HikariPool-1 - Shutdown completed.
2022-02-17 16:52:16.432 INFO  com.example.endowment.EndowmentApplication        :55   [32m                  [0;39m Starting EndowmentApplication using Java 11.0.1 on A026447-NC with PID 9896 (D:\endowment\target\classes started by tanrui in D:\endowment)
2022-02-17 16:52:16.436 INFO  com.example.endowment.EndowmentApplication        :659  [32m                  [0;39m No active profile set, falling back to default profiles: default
2022-02-17 16:52:16.505 INFO  o.s.b.d.env.DevToolsPropertyDefaultsPostProcessor :255  [32m                  [0;39m Devtools property defaults active! Set 'spring.devtools.add-properties' to 'false' to disable
2022-02-17 16:52:16.507 INFO  o.s.b.d.env.DevToolsPropertyDefaultsPostProcessor :255  [32m                  [0;39m For additional web related logging consider setting the 'logging.level.web' property to 'DEBUG'
2022-02-17 16:52:17.799 INFO  o.s.boot.web.embedded.tomcat.TomcatWebServer      :108  [32m                  [0;39m Tomcat initialized with port(s): 8880 (http)
2022-02-17 16:52:17.811 INFO  org.apache.coyote.http11.Http11NioProtocol        :173  [32m                  [0;39m Initializing ProtocolHandler ["http-nio-8880"]
2022-02-17 16:52:17.812 INFO  org.apache.catalina.core.StandardService          :173  [32m                  [0;39m Starting service [Tomcat]
2022-02-17 16:52:17.813 INFO  org.apache.catalina.core.StandardEngine           :173  [32m                  [0;39m Starting Servlet engine: [Apache Tomcat/9.0.53]
2022-02-17 16:52:17.936 INFO  o.a.c.core.ContainerBase.[Tomcat].[localhost].[/] :173  [32m                  [0;39m Initializing Spring embedded WebApplicationContext
2022-02-17 16:52:17.937 INFO  o.s.b.w.s.c.ServletWebServerApplicationContext    :290  [32m                  [0;39m Root WebApplicationContext: initialization completed in 1429 ms
2022-02-17 16:52:18.727 INFO  o.s.b.d.autoconfigure.OptionalLiveReloadServer    :58   [32m                  [0;39m LiveReload server is running on port 35729
2022-02-17 16:52:18.751 INFO  org.apache.coyote.http11.Http11NioProtocol        :173  [32m                  [0;39m Starting ProtocolHandler ["http-nio-8880"]
2022-02-17 16:52:18.776 INFO  o.s.boot.web.embedded.tomcat.TomcatWebServer      :220  [32m                  [0;39m Tomcat started on port(s): 8880 (http) with context path ''
2022-02-17 16:52:18.791 INFO  com.example.endowment.EndowmentApplication        :61   [32m                  [0;39m Started EndowmentApplication in 3.113 seconds (JVM running for 4.767)
2022-02-17 16:52:18.795 INFO  com.example.endowment.EndowmentApplication        :17   [32m                  [0;39m 启动成功！！
2022-02-17 16:52:18.796 INFO  com.example.endowment.EndowmentApplication        :18   [32m                  [0;39m 地址:	http://127.0.0.1:8880
2022-02-17 16:54:35.132 INFO  o.a.c.core.ContainerBase.[Tomcat].[localhost].[/] :173  [32m                  [0;39m Initializing Spring DispatcherServlet 'dispatcherServlet'
2022-02-17 16:54:35.134 INFO  org.springframework.web.servlet.DispatcherServlet :525  [32m                  [0;39m Initializing Servlet 'dispatcherServlet'
2022-02-17 16:54:35.135 INFO  org.springframework.web.servlet.DispatcherServlet :547  [32m                  [0;39m Completed initialization in 1 ms
2022-02-17 16:54:35.234 INFO  com.zaxxer.hikari.HikariDataSource                :110  [32m                  [0;39m HikariPool-1 - Starting...
2022-02-17 16:54:35.549 INFO  com.zaxxer.hikari.HikariDataSource                :123  [32m                  [0;39m HikariPool-1 - Start completed.
2022-02-17 16:54:35.640 INFO  com.example.endowment.service.EuserService        :51   [32m                  [0;39m 总行数:3
2022-02-17 16:54:35.642 INFO  com.example.endowment.service.EuserService        :52   [32m                  [0;39m 总页数:1
2022-02-17 16:54:44.699 INFO  com.example.endowment.service.EuserService        :51   [32m                  [0;39m 总行数:3
2022-02-17 16:54:44.700 INFO  com.example.endowment.service.EuserService        :52   [32m                  [0;39m 总页数:1
2022-02-17 16:54:49.505 INFO  com.example.endowment.service.EuserService        :51   [32m                  [0;39m 总行数:3
2022-02-17 16:54:49.506 INFO  com.example.endowment.service.EuserService        :52   [32m                  [0;39m 总页数:1
2022-02-17 16:55:01.893 INFO  com.example.endowment.service.EuserService        :51   [32m                  [0;39m 总行数:3
2022-02-17 16:55:01.894 INFO  com.example.endowment.service.EuserService        :52   [32m                  [0;39m 总页数:1
2022-02-17 16:55:04.558 INFO  com.example.endowment.service.EuserService        :51   [32m                  [0;39m 总行数:3
2022-02-17 16:55:04.559 INFO  com.example.endowment.service.EuserService        :52   [32m                  [0;39m 总页数:1
2022-02-17 16:56:50.716 INFO  com.example.endowment.service.EuserService        :51   [32m                  [0;39m 总行数:2
2022-02-17 16:56:50.718 INFO  com.example.endowment.service.EuserService        :52   [32m                  [0;39m 总页数:1
2022-02-17 16:57:34.490 INFO  com.zaxxer.hikari.HikariDataSource                :350  [32m                  [0;39m HikariPool-1 - Shutdown initiated...
2022-02-17 16:57:34.504 INFO  com.zaxxer.hikari.HikariDataSource                :352  [32m                  [0;39m HikariPool-1 - Shutdown completed.
2022-02-17 16:58:07.145 INFO  com.example.endowment.EndowmentApplication        :55   [32m                  [0;39m Starting EndowmentApplication using Java 11.0.1 on A026447-NC with PID 5564 (D:\endowment\target\classes started by tanrui in D:\endowment)
2022-02-17 16:58:07.150 INFO  com.example.endowment.EndowmentApplication        :659  [32m                  [0;39m No active profile set, falling back to default profiles: default
2022-02-17 16:58:07.212 INFO  o.s.b.d.env.DevToolsPropertyDefaultsPostProcessor :255  [32m                  [0;39m Devtools property defaults active! Set 'spring.devtools.add-properties' to 'false' to disable
2022-02-17 16:58:07.213 INFO  o.s.b.d.env.DevToolsPropertyDefaultsPostProcessor :255  [32m                  [0;39m For additional web related logging consider setting the 'logging.level.web' property to 'DEBUG'
2022-02-17 16:58:08.400 INFO  o.s.boot.web.embedded.tomcat.TomcatWebServer      :108  [32m                  [0;39m Tomcat initialized with port(s): 8880 (http)
2022-02-17 16:58:08.411 INFO  org.apache.coyote.http11.Http11NioProtocol        :173  [32m                  [0;39m Initializing ProtocolHandler ["http-nio-8880"]
2022-02-17 16:58:08.412 INFO  org.apache.catalina.core.StandardService          :173  [32m                  [0;39m Starting service [Tomcat]
2022-02-17 16:58:08.412 INFO  org.apache.catalina.core.StandardEngine           :173  [32m                  [0;39m Starting Servlet engine: [Apache Tomcat/9.0.53]
2022-02-17 16:58:08.506 INFO  o.a.c.core.ContainerBase.[Tomcat].[localhost].[/] :173  [32m                  [0;39m Initializing Spring embedded WebApplicationContext
2022-02-17 16:58:08.507 INFO  o.s.b.w.s.c.ServletWebServerApplicationContext    :290  [32m                  [0;39m Root WebApplicationContext: initialization completed in 1293 ms
2022-02-17 16:58:09.278 INFO  o.s.b.d.autoconfigure.OptionalLiveReloadServer    :58   [32m                  [0;39m LiveReload server is running on port 35729
2022-02-17 16:58:09.302 INFO  org.apache.coyote.http11.Http11NioProtocol        :173  [32m                  [0;39m Starting ProtocolHandler ["http-nio-8880"]
2022-02-17 16:58:09.349 INFO  o.s.boot.web.embedded.tomcat.TomcatWebServer      :220  [32m                  [0;39m Tomcat started on port(s): 8880 (http) with context path ''
2022-02-17 16:58:09.363 INFO  com.example.endowment.EndowmentApplication        :61   [32m                  [0;39m Started EndowmentApplication in 3.058 seconds (JVM running for 4.858)
2022-02-17 16:58:09.369 INFO  com.example.endowment.EndowmentApplication        :17   [32m                  [0;39m 启动成功！！
2022-02-17 16:58:09.370 INFO  com.example.endowment.EndowmentApplication        :18   [32m                  [0;39m 地址:	http://127.0.0.1:8880
2022-02-17 16:58:56.528 INFO  o.a.c.core.ContainerBase.[Tomcat].[localhost].[/] :173  [32m                  [0;39m Initializing Spring DispatcherServlet 'dispatcherServlet'
2022-02-17 16:58:56.529 INFO  org.springframework.web.servlet.DispatcherServlet :525  [32m                  [0;39m Initializing Servlet 'dispatcherServlet'
2022-02-17 16:58:56.530 INFO  org.springframework.web.servlet.DispatcherServlet :547  [32m                  [0;39m Completed initialization in 1 ms
2022-02-17 16:59:52.473 INFO  com.zaxxer.hikari.HikariDataSource                :110  [32m                  [0;39m HikariPool-1 - Starting...
2022-02-17 16:59:56.882 INFO  com.zaxxer.hikari.HikariDataSource                :123  [32m                  [0;39m HikariPool-1 - Start completed.
2022-02-17 17:00:11.703 INFO  com.example.endowment.service.EuserService        :51   [32m                  [0;39m 总行数:3
2022-02-17 17:00:11.704 INFO  com.example.endowment.service.EuserService        :52   [32m                  [0;39m 总页数:1
2022-02-17 17:00:20.708 INFO  com.example.endowment.service.EuserService        :51   [32m                  [0;39m 总行数:2
2022-02-17 17:00:20.709 INFO  com.example.endowment.service.EuserService        :52   [32m                  [0;39m 总页数:1
2022-02-17 17:00:45.825 INFO  com.zaxxer.hikari.HikariDataSource                :350  [32m                  [0;39m HikariPool-1 - Shutdown initiated...
2022-02-17 17:00:45.844 INFO  com.zaxxer.hikari.HikariDataSource                :352  [32m                  [0;39m HikariPool-1 - Shutdown completed.
2022-02-17 17:13:27.588 INFO  com.example.endowment.EndowmentApplication        :55   [32m                  [0;39m Starting EndowmentApplication using Java 11.0.1 on A026447-NC with PID 13820 (D:\endowment\target\classes started by tanrui in D:\endowment)
2022-02-17 17:13:27.593 INFO  com.example.endowment.EndowmentApplication        :659  [32m                  [0;39m No active profile set, falling back to default profiles: default
2022-02-17 17:13:27.658 INFO  o.s.b.d.env.DevToolsPropertyDefaultsPostProcessor :255  [32m                  [0;39m Devtools property defaults active! Set 'spring.devtools.add-properties' to 'false' to disable
2022-02-17 17:13:27.658 INFO  o.s.b.d.env.DevToolsPropertyDefaultsPostProcessor :255  [32m                  [0;39m For additional web related logging consider setting the 'logging.level.web' property to 'DEBUG'
2022-02-17 17:13:28.659 INFO  o.s.boot.web.embedded.tomcat.TomcatWebServer      :108  [32m                  [0;39m Tomcat initialized with port(s): 8880 (http)
2022-02-17 17:13:28.668 INFO  org.apache.coyote.http11.Http11NioProtocol        :173  [32m                  [0;39m Initializing ProtocolHandler ["http-nio-8880"]
2022-02-17 17:13:28.669 INFO  org.apache.catalina.core.StandardService          :173  [32m                  [0;39m Starting service [Tomcat]
2022-02-17 17:13:28.669 INFO  org.apache.catalina.core.StandardEngine           :173  [32m                  [0;39m Starting Servlet engine: [Apache Tomcat/9.0.53]
2022-02-17 17:13:28.749 INFO  o.a.c.core.ContainerBase.[Tomcat].[localhost].[/] :173  [32m                  [0;39m Initializing Spring embedded WebApplicationContext
2022-02-17 17:13:28.750 INFO  o.s.b.w.s.c.ServletWebServerApplicationContext    :290  [32m                  [0;39m Root WebApplicationContext: initialization completed in 1091 ms
2022-02-17 17:13:29.353 INFO  o.s.b.d.autoconfigure.OptionalLiveReloadServer    :58   [32m                  [0;39m LiveReload server is running on port 35729
2022-02-17 17:13:29.370 INFO  org.apache.coyote.http11.Http11NioProtocol        :173  [32m                  [0;39m Starting ProtocolHandler ["http-nio-8880"]
2022-02-17 17:13:29.387 INFO  o.s.boot.web.embedded.tomcat.TomcatWebServer      :220  [32m                  [0;39m Tomcat started on port(s): 8880 (http) with context path ''
2022-02-17 17:13:29.399 INFO  com.example.endowment.EndowmentApplication        :61   [32m                  [0;39m Started EndowmentApplication in 2.512 seconds (JVM running for 4.009)
2022-02-17 17:13:29.403 INFO  com.example.endowment.EndowmentApplication        :17   [32m                  [0;39m 启动成功！！
2022-02-17 17:13:29.403 INFO  com.example.endowment.EndowmentApplication        :18   [32m                  [0;39m 地址:	http://127.0.0.1:8880
2022-02-17 17:15:09.649 INFO  o.a.c.core.ContainerBase.[Tomcat].[localhost].[/] :173  [32m                  [0;39m Initializing Spring DispatcherServlet 'dispatcherServlet'
2022-02-17 17:15:09.651 INFO  org.springframework.web.servlet.DispatcherServlet :525  [32m                  [0;39m Initializing Servlet 'dispatcherServlet'
2022-02-17 17:15:09.654 INFO  org.springframework.web.servlet.DispatcherServlet :547  [32m                  [0;39m Completed initialization in 2 ms
2022-02-17 17:15:09.754 INFO  com.zaxxer.hikari.HikariDataSource                :110  [32m                  [0;39m HikariPool-1 - Starting...
2022-02-17 17:15:10.072 INFO  com.zaxxer.hikari.HikariDataSource                :123  [32m                  [0;39m HikariPool-1 - Start completed.
2022-02-17 17:15:10.147 INFO  com.example.endowment.service.EuserService        :51   [32m                  [0;39m 总行数:2
2022-02-17 17:15:10.148 INFO  com.example.endowment.service.EuserService        :52   [32m                  [0;39m 总页数:1
2022-02-17 17:15:46.539 INFO  com.example.endowment.service.EuserService        :51   [32m                  [0;39m 总行数:5
2022-02-17 17:15:46.539 INFO  com.example.endowment.service.EuserService        :52   [32m                  [0;39m 总页数:1
2022-02-17 17:17:16.590 INFO  com.example.endowment.service.EuserService        :51   [32m                  [0;39m 总行数:5
2022-02-17 17:17:16.591 INFO  com.example.endowment.service.EuserService        :52   [32m                  [0;39m 总页数:1
2022-02-17 17:17:27.226 INFO  com.example.endowment.service.EuserService        :51   [32m                  [0;39m 总行数:4
2022-02-17 17:17:27.227 INFO  com.example.endowment.service.EuserService        :52   [32m                  [0;39m 总页数:1
2022-02-17 17:20:22.589 INFO  com.example.endowment.service.EuserService        :51   [32m                  [0;39m 总行数:4
2022-02-17 17:20:22.590 INFO  com.example.endowment.service.EuserService        :52   [32m                  [0;39m 总页数:1
2022-02-17 17:20:28.554 INFO  com.example.endowment.service.EuserService        :51   [32m                  [0;39m 总行数:4
2022-02-17 17:20:28.555 INFO  com.example.endowment.service.EuserService        :52   [32m                  [0;39m 总页数:1
2022-02-17 17:20:37.276 INFO  com.example.endowment.service.EuserService        :51   [32m                  [0;39m 总行数:4
2022-02-17 17:20:37.276 INFO  com.example.endowment.service.EuserService        :52   [32m                  [0;39m 总页数:1
2022-02-17 17:20:48.973 INFO  com.zaxxer.hikari.HikariDataSource                :350  [32m                  [0;39m HikariPool-1 - Shutdown initiated...
2022-02-17 17:20:49.013 INFO  com.zaxxer.hikari.HikariDataSource                :352  [32m                  [0;39m HikariPool-1 - Shutdown completed.
2022-02-17 17:26:09.477 INFO  com.example.endowment.EndowmentApplication        :55   [32m                  [0;39m Starting EndowmentApplication using Java 11.0.1 on A026447-NC with PID 14108 (D:\endowment\target\classes started by tanrui in D:\endowment)
2022-02-17 17:26:09.480 INFO  com.example.endowment.EndowmentApplication        :659  [32m                  [0;39m No active profile set, falling back to default profiles: default
2022-02-17 17:26:09.570 INFO  o.s.b.d.env.DevToolsPropertyDefaultsPostProcessor :255  [32m                  [0;39m Devtools property defaults active! Set 'spring.devtools.add-properties' to 'false' to disable
2022-02-17 17:26:09.571 INFO  o.s.b.d.env.DevToolsPropertyDefaultsPostProcessor :255  [32m                  [0;39m For additional web related logging consider setting the 'logging.level.web' property to 'DEBUG'
2022-02-17 17:26:10.796 INFO  o.s.boot.web.embedded.tomcat.TomcatWebServer      :108  [32m                  [0;39m Tomcat initialized with port(s): 8880 (http)
2022-02-17 17:26:10.807 INFO  org.apache.coyote.http11.Http11NioProtocol        :173  [32m                  [0;39m Initializing ProtocolHandler ["http-nio-8880"]
2022-02-17 17:26:10.808 INFO  org.apache.catalina.core.StandardService          :173  [32m                  [0;39m Starting service [Tomcat]
2022-02-17 17:26:10.809 INFO  org.apache.catalina.core.StandardEngine           :173  [32m                  [0;39m Starting Servlet engine: [Apache Tomcat/9.0.53]
2022-02-17 17:26:10.905 INFO  o.a.c.core.ContainerBase.[Tomcat].[localhost].[/] :173  [32m                  [0;39m Initializing Spring embedded WebApplicationContext
2022-02-17 17:26:10.906 INFO  o.s.b.w.s.c.ServletWebServerApplicationContext    :290  [32m                  [0;39m Root WebApplicationContext: initialization completed in 1334 ms
2022-02-17 17:26:11.645 INFO  o.s.b.d.autoconfigure.OptionalLiveReloadServer    :58   [32m                  [0;39m LiveReload server is running on port 35729
2022-02-17 17:26:11.666 INFO  org.apache.coyote.http11.Http11NioProtocol        :173  [32m                  [0;39m Starting ProtocolHandler ["http-nio-8880"]
2022-02-17 17:26:11.684 INFO  o.s.boot.web.embedded.tomcat.TomcatWebServer      :220  [32m                  [0;39m Tomcat started on port(s): 8880 (http) with context path ''
2022-02-17 17:26:11.699 INFO  com.example.endowment.EndowmentApplication        :61   [32m                  [0;39m Started EndowmentApplication in 2.94 seconds (JVM running for 4.724)
2022-02-17 17:26:11.704 INFO  com.example.endowment.EndowmentApplication        :17   [32m                  [0;39m 启动成功！！
2022-02-17 17:26:11.705 INFO  com.example.endowment.EndowmentApplication        :18   [32m                  [0;39m 地址:	http://127.0.0.1:8880
2022-02-17 17:26:44.583 INFO  o.a.c.core.ContainerBase.[Tomcat].[localhost].[/] :173  [32m                  [0;39m Initializing Spring DispatcherServlet 'dispatcherServlet'
2022-02-17 17:26:44.584 INFO  org.springframework.web.servlet.DispatcherServlet :525  [32m                  [0;39m Initializing Servlet 'dispatcherServlet'
2022-02-17 17:26:44.586 INFO  org.springframework.web.servlet.DispatcherServlet :547  [32m                  [0;39m Completed initialization in 1 ms
2022-02-17 17:26:44.696 INFO  com.zaxxer.hikari.HikariDataSource                :110  [32m                  [0;39m HikariPool-1 - Starting...
2022-02-17 17:26:45.015 INFO  com.zaxxer.hikari.HikariDataSource                :123  [32m                  [0;39m HikariPool-1 - Start completed.
2022-02-17 17:26:45.088 INFO  com.example.endowment.service.EuserService        :51   [32m                  [0;39m 总行数:4
2022-02-17 17:26:45.088 INFO  com.example.endowment.service.EuserService        :52   [32m                  [0;39m 总页数:1
2022-02-17 17:27:50.841 INFO  com.example.endowment.service.EuserService        :51   [32m                  [0;39m 总行数:3
2022-02-17 17:27:50.842 INFO  com.example.endowment.service.EuserService        :52   [32m                  [0;39m 总页数:1
2022-02-17 17:28:08.385 INFO  com.example.endowment.service.EuserService        :51   [32m                  [0;39m 总行数:1
2022-02-17 17:28:08.386 INFO  com.example.endowment.service.EuserService        :52   [32m                  [0;39m 总页数:1
2022-02-17 17:28:45.845 INFO  com.example.endowment.service.EuserService        :51   [32m                  [0;39m 总行数:2
2022-02-17 17:28:45.846 INFO  com.example.endowment.service.EuserService        :52   [32m                  [0;39m 总页数:1
2022-02-17 17:28:59.772 INFO  com.zaxxer.hikari.HikariDataSource                :350  [32m                  [0;39m HikariPool-1 - Shutdown initiated...
2022-02-17 17:28:59.783 INFO  com.zaxxer.hikari.HikariDataSource                :352  [32m                  [0;39m HikariPool-1 - Shutdown completed.
2022-02-17 17:31:43.613 INFO  com.example.endowment.EndowmentApplication        :55   [32m                  [0;39m Starting EndowmentApplication using Java 11.0.1 on A026447-NC with PID 1800 (D:\endowment\target\classes started by tanrui in D:\endowment)
2022-02-17 17:31:43.617 INFO  com.example.endowment.EndowmentApplication        :659  [32m                  [0;39m No active profile set, falling back to default profiles: default
2022-02-17 17:31:43.676 INFO  o.s.b.d.env.DevToolsPropertyDefaultsPostProcessor :255  [32m                  [0;39m Devtools property defaults active! Set 'spring.devtools.add-properties' to 'false' to disable
2022-02-17 17:31:43.677 INFO  o.s.b.d.env.DevToolsPropertyDefaultsPostProcessor :255  [32m                  [0;39m For additional web related logging consider setting the 'logging.level.web' property to 'DEBUG'
2022-02-17 17:31:44.779 INFO  o.s.boot.web.embedded.tomcat.TomcatWebServer      :108  [32m                  [0;39m Tomcat initialized with port(s): 8880 (http)
2022-02-17 17:31:44.789 INFO  org.apache.coyote.http11.Http11NioProtocol        :173  [32m                  [0;39m Initializing ProtocolHandler ["http-nio-8880"]
2022-02-17 17:31:44.789 INFO  org.apache.catalina.core.StandardService          :173  [32m                  [0;39m Starting service [Tomcat]
2022-02-17 17:31:44.790 INFO  org.apache.catalina.core.StandardEngine           :173  [32m                  [0;39m Starting Servlet engine: [Apache Tomcat/9.0.53]
2022-02-17 17:31:44.870 INFO  o.a.c.core.ContainerBase.[Tomcat].[localhost].[/] :173  [32m                  [0;39m Initializing Spring embedded WebApplicationContext
2022-02-17 17:31:44.871 INFO  o.s.b.w.s.c.ServletWebServerApplicationContext    :290  [32m                  [0;39m Root WebApplicationContext: initialization completed in 1194 ms
2022-02-17 17:31:45.477 INFO  o.s.b.d.autoconfigure.OptionalLiveReloadServer    :58   [32m                  [0;39m LiveReload server is running on port 35729
2022-02-17 17:31:45.495 INFO  org.apache.coyote.http11.Http11NioProtocol        :173  [32m                  [0;39m Starting ProtocolHandler ["http-nio-8880"]
2022-02-17 17:31:45.512 INFO  o.s.boot.web.embedded.tomcat.TomcatWebServer      :220  [32m                  [0;39m Tomcat started on port(s): 8880 (http) with context path ''
2022-02-17 17:31:45.524 INFO  com.example.endowment.EndowmentApplication        :61   [32m                  [0;39m Started EndowmentApplication in 2.587 seconds (JVM running for 4.022)
2022-02-17 17:31:45.527 INFO  com.example.endowment.EndowmentApplication        :17   [32m                  [0;39m 启动成功！！
2022-02-17 17:31:45.528 INFO  com.example.endowment.EndowmentApplication        :18   [32m                  [0;39m 地址:	http://127.0.0.1:8880
2022-02-17 17:32:47.160 INFO  o.a.c.core.ContainerBase.[Tomcat].[localhost].[/] :173  [32m                  [0;39m Initializing Spring DispatcherServlet 'dispatcherServlet'
2022-02-17 17:32:47.161 INFO  org.springframework.web.servlet.DispatcherServlet :525  [32m                  [0;39m Initializing Servlet 'dispatcherServlet'
2022-02-17 17:32:47.162 INFO  org.springframework.web.servlet.DispatcherServlet :547  [32m                  [0;39m Completed initialization in 1 ms
2022-02-17 17:32:47.262 INFO  com.zaxxer.hikari.HikariDataSource                :110  [32m                  [0;39m HikariPool-1 - Starting...
2022-02-17 17:32:47.584 INFO  com.zaxxer.hikari.HikariDataSource                :123  [32m                  [0;39m HikariPool-1 - Start completed.
2022-02-17 17:32:47.652 INFO  com.example.endowment.service.EuserService        :51   [32m                  [0;39m 总行数:1
2022-02-17 17:32:47.653 INFO  com.example.endowment.service.EuserService        :52   [32m                  [0;39m 总页数:1
2022-02-17 17:33:32.147 INFO  com.example.endowment.service.EuserService        :51   [32m                  [0;39m 总行数:0
2022-02-17 17:33:32.148 INFO  com.example.endowment.service.EuserService        :52   [32m                  [0;39m 总页数:0
2022-02-17 17:33:37.958 INFO  com.example.endowment.service.EuserService        :51   [32m                  [0;39m 总行数:1
2022-02-17 17:33:37.959 INFO  com.example.endowment.service.EuserService        :52   [32m                  [0;39m 总页数:1
2022-02-17 17:33:49.578 INFO  com.example.endowment.service.EuserService        :51   [32m                  [0;39m 总行数:1
2022-02-17 17:33:49.579 INFO  com.example.endowment.service.EuserService        :52   [32m                  [0;39m 总页数:1
2022-02-17 17:33:55.770 INFO  com.example.endowment.service.EuserService        :51   [32m                  [0;39m 总行数:2
2022-02-17 17:33:55.771 INFO  com.example.endowment.service.EuserService        :52   [32m                  [0;39m 总页数:1
2022-02-17 17:34:01.430 INFO  com.example.endowment.service.EuserService        :51   [32m                  [0;39m 总行数:1
2022-02-17 17:34:01.431 INFO  com.example.endowment.service.EuserService        :52   [32m                  [0;39m 总页数:1
2022-02-17 17:34:11.033 INFO  com.zaxxer.hikari.HikariDataSource                :350  [32m                  [0;39m HikariPool-1 - Shutdown initiated...
2022-02-17 17:34:11.051 INFO  com.zaxxer.hikari.HikariDataSource                :352  [32m                  [0;39m HikariPool-1 - Shutdown completed.
